<?xml version="1.0" encoding="UTF-8"?>
<testng-results ignored="0" total="3" passed="0" failed="3" skipped="0">
  <reporter-output>
  </reporter-output>
  <suite started-at="2023-03-13T19:58:59 PDT" name="Suite" finished-at="2023-03-13T19:59:22 PDT" duration-ms="22455">
    <groups>
      <group name="Left Menu">
        <method signature="LeftMenuCompleteAutomation1.leftmenu()[pri:3, instance:LeftMenu.LeftMenuAuto.LeftMenuCompleteAutomation1@1869fbd2]" name="leftmenu" class="LeftMenu.LeftMenuAuto.LeftMenuCompleteAutomation1"/>
        <method signature="LeftMenuCompleteAutomation1.login()[pri:1, instance:LeftMenu.LeftMenuAuto.LeftMenuCompleteAutomation1@1869fbd2]" name="login" class="LeftMenu.LeftMenuAuto.LeftMenuCompleteAutomation1"/>
      </group> <!-- Left Menu -->
      <group name="Selfie">
        <method signature="LeftMenuCompleteAutomation1.selfieScreen()[pri:2, instance:LeftMenu.LeftMenuAuto.LeftMenuCompleteAutomation1@1869fbd2]" name="selfieScreen" class="LeftMenu.LeftMenuAuto.LeftMenuCompleteAutomation1"/>
      </group> <!-- Selfie -->
    </groups>
    <test started-at="2023-03-13T19:58:59 PDT" name="Test" finished-at="2023-03-13T19:59:22 PDT" duration-ms="22455">
      <class name="LeftMenu.LeftMenuAuto.LeftMenuCompleteAutomation1">
        <test-method is-config="true" signature="appiumtest()[pri:0, instance:LeftMenu.LeftMenuAuto.LeftMenuCompleteAutomation1@1869fbd2]" started-at="2023-03-13T19:58:59 PDT" name="appiumtest" finished-at="2023-03-13T19:59:15 PDT" duration-ms="15647" status="PASS">
          <reporter-output>
          </reporter-output>
        </test-method> <!-- appiumtest -->
        <test-method signature="login()[pri:1, instance:LeftMenu.LeftMenuAuto.LeftMenuCompleteAutomation1@1869fbd2]" started-at="2023-03-13T19:59:15 PDT" name="login" finished-at="2023-03-13T19:59:15 PDT" duration-ms="269" status="FAIL">
          <exception class="java.lang.ExceptionInInitializerError">
            <full-stacktrace>
              <![CDATA[java.lang.ExceptionInInitializerError
at io.appium.java_client.pagefactory.utils.ProxyFactory.getEnhancedProxy(ProxyFactory.java:53)
at io.appium.java_client.pagefactory.utils.ProxyFactory.getEnhancedProxy(ProxyFactory.java:33)
at io.appium.java_client.pagefactory.AppiumFieldDecorator.proxyForAnElement(AppiumFieldDecorator.java:209)
at io.appium.java_client.pagefactory.AppiumFieldDecorator.access$000(AppiumFieldDecorator.java:61)
at io.appium.java_client.pagefactory.AppiumFieldDecorator$1.proxyForLocator(AppiumFieldDecorator.java:100)
at org.openqa.selenium.support.pagefactory.DefaultFieldDecorator.decorate(DefaultFieldDecorator.java:63)
at io.appium.java_client.pagefactory.AppiumFieldDecorator.decorate(AppiumFieldDecorator.java:147)
at org.openqa.selenium.support.PageFactory.proxyFields(PageFactory.java:111)
at org.openqa.selenium.support.PageFactory.initElements(PageFactory.java:103)
at LeftMenu.LeftMenuAuto.LoginPageTC.<init>(LoginPageTC.java:17)
at LeftMenu.LeftMenuAuto.LeftMenuCompleteAutomation1.login(LeftMenuCompleteAutomation1.java:22)
at java.base/jdk.internal.reflect.NativeMethodAccessorImpl.invoke0(Native Method)
at java.base/jdk.internal.reflect.NativeMethodAccessorImpl.invoke(NativeMethodAccessorImpl.java:77)
at java.base/jdk.internal.reflect.DelegatingMethodAccessorImpl.invoke(DelegatingMethodAccessorImpl.java:43)
at java.base/java.lang.reflect.Method.invoke(Method.java:568)
at org.testng.internal.MethodInvocationHelper.invokeMethod(MethodInvocationHelper.java:133)
at org.testng.internal.TestInvoker.invokeMethod(TestInvoker.java:598)
at org.testng.internal.TestInvoker.invokeTestMethod(TestInvoker.java:173)
at org.testng.internal.MethodRunner.runInSequence(MethodRunner.java:46)
at org.testng.internal.TestInvoker$MethodInvocationAgent.invoke(TestInvoker.java:824)
at org.testng.internal.TestInvoker.invokeTestMethods(TestInvoker.java:146)
at org.testng.internal.TestMethodWorker.invokeTestMethods(TestMethodWorker.java:146)
at org.testng.internal.TestMethodWorker.run(TestMethodWorker.java:128)
at java.base/java.util.ArrayList.forEach(ArrayList.java:1511)
at org.testng.TestRunner.privateRun(TestRunner.java:794)
at org.testng.TestRunner.run(TestRunner.java:596)
at org.testng.SuiteRunner.runTest(SuiteRunner.java:377)
at org.testng.SuiteRunner.runSequentially(SuiteRunner.java:371)
at org.testng.SuiteRunner.privateRun(SuiteRunner.java:332)
at org.testng.SuiteRunner.run(SuiteRunner.java:276)
at org.testng.SuiteRunnerWorker.runSuite(SuiteRunnerWorker.java:53)
at org.testng.SuiteRunnerWorker.run(SuiteRunnerWorker.java:96)
at org.testng.TestNG.runSuitesSequentially(TestNG.java:1212)
at org.testng.TestNG.runSuitesLocally(TestNG.java:1134)
at org.testng.TestNG.runSuites(TestNG.java:1063)
at org.testng.TestNG.run(TestNG.java:1031)
at org.testng.remote.AbstractRemoteTestNG.run(AbstractRemoteTestNG.java:115)
at org.testng.remote.RemoteTestNG.initAndRun(RemoteTestNG.java:251)
at org.testng.remote.RemoteTestNG.main(RemoteTestNG.java:77)
Caused by: net.sf.cglib.core.CodeGenerationException: java.lang.reflect.InaccessibleObjectException-->Unable to make protected final java.lang.Class java.lang.ClassLoader.defineClass(java.lang.String,byte[],int,int,java.security.ProtectionDomain) throws java.lang.ClassFormatError accessible: module java.base does not "opens java.lang" to unnamed module @3551a94
at net.sf.cglib.core.ReflectUtils.defineClass(ReflectUtils.java:464)
at net.sf.cglib.core.AbstractClassGenerator.generate(AbstractClassGenerator.java:339)
at net.sf.cglib.core.AbstractClassGenerator$ClassLoaderData$3.apply(AbstractClassGenerator.java:96)
at net.sf.cglib.core.AbstractClassGenerator$ClassLoaderData$3.apply(AbstractClassGenerator.java:94)
at net.sf.cglib.core.internal.LoadingCache$2.call(LoadingCache.java:54)
at java.base/java.util.concurrent.FutureTask.run(FutureTask.java:264)
at net.sf.cglib.core.internal.LoadingCache.createEntry(LoadingCache.java:61)
at net.sf.cglib.core.internal.LoadingCache.get(LoadingCache.java:34)
at net.sf.cglib.core.AbstractClassGenerator$ClassLoaderData.get(AbstractClassGenerator.java:119)
at net.sf.cglib.core.AbstractClassGenerator.create(AbstractClassGenerator.java:294)
at net.sf.cglib.core.KeyFactory$Generator.create(KeyFactory.java:221)
at net.sf.cglib.core.KeyFactory.create(KeyFactory.java:174)
at net.sf.cglib.core.KeyFactory.create(KeyFactory.java:153)
at net.sf.cglib.proxy.Enhancer.<clinit>(Enhancer.java:73)
... 39 more
Caused by: java.lang.reflect.InaccessibleObjectException: Unable to make protected final java.lang.Class java.lang.ClassLoader.defineClass(java.lang.String,byte[],int,int,java.security.ProtectionDomain) throws java.lang.ClassFormatError accessible: module java.base does not "opens java.lang" to unnamed module @3551a94
at java.base/java.lang.reflect.AccessibleObject.checkCanSetAccessible(AccessibleObject.java:354)
at java.base/java.lang.reflect.AccessibleObject.checkCanSetAccessible(AccessibleObject.java:297)
at java.base/java.lang.reflect.Method.checkCanSetAccessible(Method.java:199)
at java.base/java.lang.reflect.Method.setAccessible(Method.java:193)
at net.sf.cglib.core.ReflectUtils$1.run(ReflectUtils.java:61)
at java.base/java.security.AccessController.doPrivileged(AccessController.java:569)
at net.sf.cglib.core.ReflectUtils.<clinit>(ReflectUtils.java:52)
at net.sf.cglib.core.KeyFactory$Generator.generateClass(KeyFactory.java:243)
at net.sf.cglib.core.DefaultGeneratorStrategy.generate(DefaultGeneratorStrategy.java:25)
at net.sf.cglib.core.AbstractClassGenerator.generate(AbstractClassGenerator.java:332)
... 51 more
]]>
            </full-stacktrace>
          </exception> <!-- java.lang.ExceptionInInitializerError -->
          <reporter-output>
          </reporter-output>
        </test-method> <!-- login -->
        <test-method signature="selfieScreen()[pri:2, instance:LeftMenu.LeftMenuAuto.LeftMenuCompleteAutomation1@1869fbd2]" started-at="2023-03-13T19:59:16 PDT" name="selfieScreen" finished-at="2023-03-13T19:59:16 PDT" duration-ms="2" status="FAIL">
          <exception class="java.lang.NoClassDefFoundError">
            <message>
              <![CDATA[Could not initialize class net.sf.cglib.proxy.Enhancer]]>
            </message>
            <full-stacktrace>
              <![CDATA[java.lang.NoClassDefFoundError: Could not initialize class net.sf.cglib.proxy.Enhancer
at io.appium.java_client.pagefactory.utils.ProxyFactory.getEnhancedProxy(ProxyFactory.java:53)
at io.appium.java_client.pagefactory.utils.ProxyFactory.getEnhancedProxy(ProxyFactory.java:33)
at io.appium.java_client.pagefactory.AppiumFieldDecorator.proxyForAnElement(AppiumFieldDecorator.java:209)
at io.appium.java_client.pagefactory.AppiumFieldDecorator.access$000(AppiumFieldDecorator.java:61)
at io.appium.java_client.pagefactory.AppiumFieldDecorator$1.proxyForLocator(AppiumFieldDecorator.java:100)
at org.openqa.selenium.support.pagefactory.DefaultFieldDecorator.decorate(DefaultFieldDecorator.java:63)
at io.appium.java_client.pagefactory.AppiumFieldDecorator.decorate(AppiumFieldDecorator.java:147)
at org.openqa.selenium.support.PageFactory.proxyFields(PageFactory.java:111)
at org.openqa.selenium.support.PageFactory.initElements(PageFactory.java:103)
at LeftMenu.LeftMenuAuto.TakeSelfieTC.<init>(TakeSelfieTC.java:16)
at LeftMenu.LeftMenuAuto.LeftMenuCompleteAutomation1.selfieScreen(LeftMenuCompleteAutomation1.java:41)
at java.base/jdk.internal.reflect.NativeMethodAccessorImpl.invoke0(Native Method)
at java.base/jdk.internal.reflect.NativeMethodAccessorImpl.invoke(NativeMethodAccessorImpl.java:77)
at java.base/jdk.internal.reflect.DelegatingMethodAccessorImpl.invoke(DelegatingMethodAccessorImpl.java:43)
at java.base/java.lang.reflect.Method.invoke(Method.java:568)
at org.testng.internal.MethodInvocationHelper.invokeMethod(MethodInvocationHelper.java:133)
at org.testng.internal.TestInvoker.invokeMethod(TestInvoker.java:598)
at org.testng.internal.TestInvoker.invokeTestMethod(TestInvoker.java:173)
at org.testng.internal.MethodRunner.runInSequence(MethodRunner.java:46)
at org.testng.internal.TestInvoker$MethodInvocationAgent.invoke(TestInvoker.java:824)
at org.testng.internal.TestInvoker.invokeTestMethods(TestInvoker.java:146)
at org.testng.internal.TestMethodWorker.invokeTestMethods(TestMethodWorker.java:146)
at org.testng.internal.TestMethodWorker.run(TestMethodWorker.java:128)
at java.base/java.util.ArrayList.forEach(ArrayList.java:1511)
at org.testng.TestRunner.privateRun(TestRunner.java:794)
at org.testng.TestRunner.run(TestRunner.java:596)
at org.testng.SuiteRunner.runTest(SuiteRunner.java:377)
at org.testng.SuiteRunner.runSequentially(SuiteRunner.java:371)
at org.testng.SuiteRunner.privateRun(SuiteRunner.java:332)
at org.testng.SuiteRunner.run(SuiteRunner.java:276)
at org.testng.SuiteRunnerWorker.runSuite(SuiteRunnerWorker.java:53)
at org.testng.SuiteRunnerWorker.run(SuiteRunnerWorker.java:96)
at org.testng.TestNG.runSuitesSequentially(TestNG.java:1212)
at org.testng.TestNG.runSuitesLocally(TestNG.java:1134)
at org.testng.TestNG.runSuites(TestNG.java:1063)
at org.testng.TestNG.run(TestNG.java:1031)
at org.testng.remote.AbstractRemoteTestNG.run(AbstractRemoteTestNG.java:115)
at org.testng.remote.RemoteTestNG.initAndRun(RemoteTestNG.java:251)
at org.testng.remote.RemoteTestNG.main(RemoteTestNG.java:77)
]]>
            </full-stacktrace>
          </exception> <!-- java.lang.NoClassDefFoundError -->
          <reporter-output>
          </reporter-output>
        </test-method> <!-- selfieScreen -->
        <test-method signature="leftmenu()[pri:3, instance:LeftMenu.LeftMenuAuto.LeftMenuCompleteAutomation1@1869fbd2]" started-at="2023-03-13T19:59:16 PDT" name="leftmenu" finished-at="2023-03-13T19:59:16 PDT" duration-ms="24" status="FAIL">
          <exception class="java.lang.NoClassDefFoundError">
            <message>
              <![CDATA[Could not initialize class net.sf.cglib.proxy.Enhancer]]>
            </message>
            <full-stacktrace>
              <![CDATA[java.lang.NoClassDefFoundError: Could not initialize class net.sf.cglib.proxy.Enhancer
at io.appium.java_client.pagefactory.utils.ProxyFactory.getEnhancedProxy(ProxyFactory.java:53)
at io.appium.java_client.pagefactory.utils.ProxyFactory.getEnhancedProxy(ProxyFactory.java:33)
at io.appium.java_client.pagefactory.AppiumFieldDecorator.proxyForAnElement(AppiumFieldDecorator.java:209)
at io.appium.java_client.pagefactory.AppiumFieldDecorator.access$000(AppiumFieldDecorator.java:61)
at io.appium.java_client.pagefactory.AppiumFieldDecorator$1.proxyForLocator(AppiumFieldDecorator.java:100)
at org.openqa.selenium.support.pagefactory.DefaultFieldDecorator.decorate(DefaultFieldDecorator.java:63)
at io.appium.java_client.pagefactory.AppiumFieldDecorator.decorate(AppiumFieldDecorator.java:147)
at org.openqa.selenium.support.PageFactory.proxyFields(PageFactory.java:111)
at org.openqa.selenium.support.PageFactory.initElements(PageFactory.java:103)
at LeftMenu.LeftMenuAuto.LeftMenuTC.<init>(LeftMenuTC.java:26)
at LeftMenu.LeftMenuAuto.LeftMenuCompleteAutomation1.leftmenu(LeftMenuCompleteAutomation1.java:62)
at java.base/jdk.internal.reflect.NativeMethodAccessorImpl.invoke0(Native Method)
at java.base/jdk.internal.reflect.NativeMethodAccessorImpl.invoke(NativeMethodAccessorImpl.java:77)
at java.base/jdk.internal.reflect.DelegatingMethodAccessorImpl.invoke(DelegatingMethodAccessorImpl.java:43)
at java.base/java.lang.reflect.Method.invoke(Method.java:568)
at org.testng.internal.MethodInvocationHelper.invokeMethod(MethodInvocationHelper.java:133)
at org.testng.internal.TestInvoker.invokeMethod(TestInvoker.java:598)
at org.testng.internal.TestInvoker.invokeTestMethod(TestInvoker.java:173)
at org.testng.internal.MethodRunner.runInSequence(MethodRunner.java:46)
at org.testng.internal.TestInvoker$MethodInvocationAgent.invoke(TestInvoker.java:824)
at org.testng.internal.TestInvoker.invokeTestMethods(TestInvoker.java:146)
at org.testng.internal.TestMethodWorker.invokeTestMethods(TestMethodWorker.java:146)
at org.testng.internal.TestMethodWorker.run(TestMethodWorker.java:128)
at java.base/java.util.ArrayList.forEach(ArrayList.java:1511)
at org.testng.TestRunner.privateRun(TestRunner.java:794)
at org.testng.TestRunner.run(TestRunner.java:596)
at org.testng.SuiteRunner.runTest(SuiteRunner.java:377)
at org.testng.SuiteRunner.runSequentially(SuiteRunner.java:371)
at org.testng.SuiteRunner.privateRun(SuiteRunner.java:332)
at org.testng.SuiteRunner.run(SuiteRunner.java:276)
at org.testng.SuiteRunnerWorker.runSuite(SuiteRunnerWorker.java:53)
at org.testng.SuiteRunnerWorker.run(SuiteRunnerWorker.java:96)
at org.testng.TestNG.runSuitesSequentially(TestNG.java:1212)
at org.testng.TestNG.runSuitesLocally(TestNG.java:1134)
at org.testng.TestNG.runSuites(TestNG.java:1063)
at org.testng.TestNG.run(TestNG.java:1031)
at org.testng.remote.AbstractRemoteTestNG.run(AbstractRemoteTestNG.java:115)
at org.testng.remote.RemoteTestNG.initAndRun(RemoteTestNG.java:251)
at org.testng.remote.RemoteTestNG.main(RemoteTestNG.java:77)
]]>
            </full-stacktrace>
          </exception> <!-- java.lang.NoClassDefFoundError -->
          <reporter-output>
          </reporter-output>
        </test-method> <!-- leftmenu -->
        <test-method is-config="true" signature="tearDown()[pri:0, instance:LeftMenu.LeftMenuAuto.LeftMenuCompleteAutomation1@1869fbd2]" started-at="2023-03-13T19:59:17 PDT" name="tearDown" finished-at="2023-03-13T19:59:22 PDT" duration-ms="4771" status="PASS">
          <reporter-output>
          </reporter-output>
        </test-method> <!-- tearDown -->
      </class> <!-- LeftMenu.LeftMenuAuto.LeftMenuCompleteAutomation1 -->
    </test> <!-- Test -->
  </suite> <!-- Suite -->
</testng-results>
